PRT1
106
277
4 0 6 (3072 1024 614.400085 ) (3072 1024 1280 ) (2048 1024 1280 ) (2048 1024 0 ) 
4 0 3 (2048 1024 0 ) (2048 1024 256 ) (2048 2048 256 ) (2048 2048 0 ) 
4 0 2 (2048 1024 256 ) (2048 1024 1280 ) (2048 2048 1280 ) (2048 2048 256 ) 
4 0 1 (2368 2048 192 ) (3072 2048 614.400635 ) (3072 1024 614.400635 ) (2368 1024 192 ) 
3 1 7 (3072 1024 192 ) (3072 1024 614.400085 ) (2368 1024 192 ) 
4 2 13 (1024 1280 320 ) (1024 1664 320 ) (1024 1664 256 ) (1024 1280 256 ) 
4 2 12 (1024 1664 320 ) (1024 2048 320 ) (1024 2048 256 ) (1024 1664 256 ) 
4 2 14 (1024 1024 256 ) (1024 1024 320 ) (1024 1280 320 ) (1024 1280 256 ) 
4 2 9 (1024 1024 320 ) (1024 1024 1280 ) (1024 2048 1280 ) (1024 2048 320 ) 
4 2 8 (2048 1024 256 ) (2048 1024 1280 ) (1024 1024 1280 ) (1024 1024 256 ) 
4 2 4 (1024 1664 256 ) (1024 2048 256 ) (1600 2048 256 ) (1600 1664 256 ) 
4 2 5 (1600 1024 256 ) (1024 1024 256 ) (1024 1280 256 ) (1600 1280 256 ) 
4 2 3 (2048 1024 256 ) (1600 1024 256 ) (1600 2048 256 ) (2048 2048 256 ) 
4 3 8 (2048 1024 0 ) (2048 1024 256 ) (1600 1024 256 ) (1600 1024 0 ) 
4 3 4 (1600 2048 0 ) (1600 1664 0 ) (1600 1664 256 ) (1600 2048 256 ) 
4 3 5 (1600 1280 0 ) (1600 1024 0 ) (1600 1024 256 ) (1600 1280 256 ) 
4 4 12 (1024 1664 256 ) (1024 2048 256 ) (1024 2048 0 ) (1024 1664 0 ) 
4 5 14 (1024 1024 0 ) (1024 1024 256 ) (1024 1280 256 ) (1024 1280 0 ) 
4 5 8 (1600 1024 256 ) (1024 1024 256 ) (1024 1024 0 ) (1600 1024 0 ) 
3 6 82 (2048 0 208 ) (2048 0 0 ) (2394.666748 0 208 ) 
4 6 78 (2048 0 224 ) (2048 0 208 ) (2394.666748 0 208 ) (2421.333496 0 224 ) 
5 6 72 (3072 0 614.400085 ) (3072 0 1280 ) (2048 0 1280 ) (2048 0 224 ) (2421.333496 0 224 ) 
4 6 8 (2048 1024 1280 ) (2048 1024 0 ) (2048 0 0 ) (2048 0 1280 ) 
4 6 7 (2368 1024 192 ) (3072 1024 614.400635 ) (3072 0 614.400635 ) (2368 0 192 ) 
4 7 83 (2528 0 208 ) (2394.666504 0 208 ) (2368 0 192 ) (2528 0 192 ) 
4 7 80 (2720 0 208 ) (2528 0 208 ) (2528 0 192 ) (2720 0 192 ) 
4 7 79 (3072 0 192 ) (3072 0 208 ) (2720 0 208 ) (2720 0 192 ) 
4 7 74 (2672 0 224 ) (2576 0 224 ) (2576 0 208 ) (2672 0 208 ) 
4 7 73 (3072 0 208 ) (3072 0 224 ) (2672 0 224 ) (2672 0 208 ) 
4 7 78 (2576 0 224 ) (2421.333252 0 224 ) (2394.666504 0 208 ) (2576 0 208 ) 
3 7 72 (3072 0 224 ) (3072 0 614.400085 ) (2421.333252 0 224 ) 
4 8 84 (2048 0 0 ) (2048 0 1280 ) (1024 0 1280 ) (1024 0 0 ) 
4 8 53 (1024 0 0 ) (1024 0 16 ) (1024 32 16 ) (1024 32 0 ) 
4 8 52 (1024 0 16 ) (1024 0 320 ) (1024 32 320 ) (1024 32 16 ) 
4 8 49 (1024 32 320 ) (1024 192 320 ) (1024 192 0 ) (1024 32 0 ) 
4 8 47 (1024 192 320 ) (1024 384 320 ) (1024 384 0 ) (1024 192 0 ) 
4 8 46 (1024 704 16 ) (1024 704 0 ) (1024 384 0 ) (1024 384 16 ) 
4 8 45 (1024 704 32 ) (1024 704 16 ) (1024 384 16 ) (1024 384 32 ) 
4 8 44 (1024 704 48 ) (1024 704 32 ) (1024 384 32 ) (1024 384 48 ) 
4 8 43 (1024 704 64 ) (1024 704 48 ) (1024 384 48 ) (1024 384 64 ) 
4 8 40 (1024 384 320 ) (1024 704 320 ) (1024 704 64 ) (1024 384 64 ) 
4 8 38 (1024 704 320 ) (1024 1024 320 ) (1024 1024 0 ) (1024 704 0 ) 
4 8 35 (1024 0 320 ) (1024 0 1280 ) (1024 1024 1280 ) (1024 1024 320 ) 
4 9 35 (1024 1024 320 ) (1024 1024 1280 ) (448 1024 1280 ) (448 1024 320 ) 
4 9 15 (448 2048 320 ) (960 2048 320 ) (960 1024 320 ) (448 1024 320 ) 
4 9 13 (1024 1664 320 ) (1024 1280 320 ) (960 1280 320 ) (960 1664 320 ) 
4 9 12 (960 2048 320 ) (1024 2048 320 ) (1024 1664 320 ) (960 1664 320 ) 
4 9 14 (1024 1280 320 ) (1024 1024 320 ) (960 1024 320 ) (960 1280 320 ) 
4 9 11 (448 1024 384 ) (448 1024 1280 ) (448 1920 1280 ) (448 1920 384 ) 
4 9 10 (448 2048 320 ) (448 1920 320 ) (448 1920 1280 ) (448 2048 1280 ) 
4 10 21 (0 2048 384 ) (0 2048 320 ) (0 1920 320 ) (0 1920 384 ) 
4 10 20 (0 1920 1280 ) (0 2048 1280 ) (0 2048 384 ) (0 1920 384 ) 
4 10 17 (0 1920 320 ) (0 2048 320 ) (384 2048 320 ) (384 1920 320 ) 
4 10 16 (384 2048 320 ) (448 2048 320 ) (448 1920 320 ) (384 1920 320 ) 
4 10 11 (448 1920 384 ) (448 1920 1280 ) (0 1920 1280 ) (0 1920 384 ) 
4 11 36 (448 1024 1280 ) (0 1024 1280 ) (0 1024 384 ) (448 1024 384 ) 
4 11 20 (0 1024 384 ) (0 1024 1280 ) (0 1920 1280 ) (0 1920 384 ) 
4 12 15 (960 2048 0 ) (960 1664 0 ) (960 1664 320 ) (960 2048 320 ) 
4 12 13 (960 1664 320 ) (960 1664 256 ) (1024 1664 256 ) (1024 1664 320 ) 
4 13 15 (960 1280 256 ) (960 1280 320 ) (960 1664 320 ) (960 1664 256 ) 
4 13 14 (960 1280 320 ) (960 1280 256 ) (1024 1280 256 ) (1024 1280 320 ) 
4 14 38 (1024 1024 0 ) (1024 1024 320 ) (960 1024 320 ) (960 1024 0 ) 
4 14 15 (960 1280 0 ) (960 1024 0 ) (960 1024 320 ) (960 1280 320 ) 
4 15 38 (960 1024 320 ) (448 1024 320 ) (448 1024 0 ) (960 1024 0 ) 
4 15 16 (448 2048 0 ) (448 1920 0 ) (448 1920 320 ) (448 2048 320 ) 
4 16 17 (384 2048 0 ) (384 1920 0 ) (384 1920 320 ) (384 2048 320 ) 
4 17 23 (0 1920 320 ) (0 2048 320 ) (0 2048 0 ) (0 1920 0 ) 
4 18 26 (0 1344 320 ) (0 1408 320 ) (0 1408 64 ) (0 1344 64 ) 
4 18 24 (0 1408 320 ) (0 1856 320 ) (0 1856 64 ) (0 1408 64 ) 
4 19 39 (384 1024 320 ) (0 1024 320 ) (0 1024 64 ) (384 1024 64 ) 
4 19 30 (0 1024 64 ) (0 1024 320 ) (0 1328 320 ) (0 1328 64 ) 
4 20 55 (0 1024 384 ) (0 1024 1280 ) (-896 1024 1280 ) (-896 1024 384 ) 
4 20 57 (-896 1024 1280 ) (-1024 1024 1280 ) (-1024 1024 384 ) (-896 1024 384 ) 
4 20 21 (-896 1920 384 ) (-896 2048 384 ) (0 2048 384 ) (0 1920 384 ) 
4 20 22 (-896 1024 384 ) (-1024 1024 384 ) (-1024 2048 384 ) (-896 2048 384 ) 
4 21 33 (-896 2048 320 ) (-832 2048 320 ) (-832 1920 320 ) (-896 1920 320 ) 
4 21 23 (-832 2048 320 ) (0 2048 320 ) (0 1920 320 ) (-832 1920 320 ) 
4 21 22 (-896 2048 320 ) (-896 1920 320 ) (-896 1920 384 ) (-896 2048 384 ) 
4 22 57 (-896 1024 384 ) (-1024 1024 384 ) (-1024 1024 320 ) (-896 1024 320 ) 
4 22 34 (-1024 2048 320 ) (-896 2048 320 ) (-896 1024 320 ) (-1024 1024 320 ) 
4 23 33 (-832 2048 0 ) (-832 1920 0 ) (-832 1920 320 ) (-832 2048 320 ) 
4 24 26 (-16 1408 64 ) (0 1408 64 ) (0 1408 320 ) (-16 1408 320 ) 
4 25 28 (-832 1408 320 ) (-832 1408 64 ) (-32 1408 64 ) (-32 1408 320 ) 
4 26 27 (-16 1408 160 ) (-16 1408 64 ) (-16 1344 64 ) (-16 1344 160 ) 
4 27 28 (-32 1408 160 ) (-32 1408 64 ) (-32 1344 64 ) (-32 1344 160 ) 
4 28 29 (-832 1344 320 ) (-832 1344 64 ) (-272 1344 64 ) (-272 1344 320 ) 
4 29 32 (-832 1328 320 ) (-832 1328 64 ) (-272 1328 64 ) (-272 1328 320 ) 
4 30 58 (0 1024 64 ) (0 1024 320 ) (-256 1024 320 ) (-256 1024 64 ) 
4 30 31 (-256 1152 64 ) (-256 1024 64 ) (-256 1024 320 ) (-256 1152 320 ) 
4 31 59 (-256 1024 320 ) (-272 1024 320 ) (-272 1024 64 ) (-256 1024 64 ) 
4 31 32 (-272 1152 64 ) (-272 1024 64 ) (-272 1024 320 ) (-272 1152 320 ) 
4 32 60 (-272 1024 320 ) (-832 1024 320 ) (-832 1024 64 ) (-272 1024 64 ) 
4 33 34 (-896 2048 0 ) (-896 1920 0 ) (-896 1920 320 ) (-896 2048 320 ) 
4 34 71 (-896 1024 320 ) (-1024 1024 320 ) (-1024 1024 0 ) (-896 1024 0 ) 
4 35 90 (1024 0 320 ) (1024 0 1280 ) (448 0 1280 ) (448 0 320 ) 
4 35 52 (1024 0 320 ) (448 0 320 ) (448 32 320 ) (1024 32 320 ) 
4 35 49 (448 32 320 ) (448 192 320 ) (1024 192 320 ) (1024 32 320 ) 
4 35 47 (448 192 320 ) (448 384 320 ) (1024 384 320 ) (1024 192 320 ) 
4 35 40 (448 384 320 ) (448 704 320 ) (1024 704 320 ) (1024 384 320 ) 
4 35 38 (448 704 320 ) (448 1024 320 ) (1024 1024 320 ) (1024 704 320 ) 
4 35 36 (448 320 384 ) (448 320 1280 ) (448 1024 1280 ) (448 1024 384 ) 
4 35 37 (448 320 320 ) (448 0 320 ) (448 0 1280 ) (448 320 1280 ) 
4 36 55 (0 1024 1280 ) (0 1024 384 ) (0 320 384 ) (0 320 1280 ) 
4 36 37 (448 320 384 ) (448 320 1280 ) (0 320 1280 ) (0 320 384 ) 
4 37 90 (448 0 1280 ) (0 0 1280 ) (0 0 320 ) (448 0 320 ) 
4 37 56 (0 320 320 ) (0 0 320 ) (0 0 1280 ) (0 320 1280 ) 
4 37 52 (448 0 320 ) (0 0 320 ) (0 32 320 ) (448 32 320 ) 
4 37 50 (0 96 320 ) (0 192 320 ) (48 192 320 ) (48 96 320 ) 
4 37 51 (0 32 320 ) (0 96 320 ) (48 96 320 ) (48 32 320 ) 
4 37 49 (48 192 320 ) (448 192 320 ) (448 32 320 ) (48 32 320 ) 
4 37 48 (0 192 320 ) (0 320 320 ) (448 320 320 ) (448 192 320 ) 
4 38 46 (448 704 0 ) (1024 704 0 ) (1024 704 16 ) (448 704 16 ) 
4 38 45 (1024 704 16 ) (1024 704 32 ) (448 704 32 ) (448 704 16 ) 
4 38 44 (1024 704 32 ) (1024 704 48 ) (448 704 48 ) (448 704 32 ) 
4 38 43 (1024 704 48 ) (1024 704 64 ) (448 704 64 ) (448 704 48 ) 
4 38 40 (1024 704 64 ) (1024 704 320 ) (448 704 320 ) (448 704 64 ) 
4 39 58 (0 1024 320 ) (0 1024 64 ) (0 720 64 ) (0 720 320 ) 
4 40 47 (1024 384 64 ) (1024 384 320 ) (448 384 320 ) (448 384 64 ) 
4 40 43 (1024 384 64 ) (400 384 64 ) (400 704 64 ) (1024 704 64 ) 
4 40 41 (256 608 64 ) (256 544 64 ) (256 544 160 ) (256 608 160 ) 
4 41 42 (240 608 64 ) (240 544 64 ) (240 544 160 ) (240 608 160 ) 
4 42 61 (0 384 64 ) (0 384 320 ) (0 704 320 ) (0 704 64 ) 
4 43 47 (1024 384 48 ) (1024 384 64 ) (448 384 64 ) (448 384 48 ) 
4 43 44 (1024 384 48 ) (416 384 48 ) (416 704 48 ) (1024 704 48 ) 
4 44 47 (1024 384 32 ) (1024 384 48 ) (448 384 48 ) (448 384 32 ) 
4 44 45 (1024 384 32 ) (432 384 32 ) (432 704 32 ) (1024 704 32 ) 
4 45 47 (1024 384 16 ) (1024 384 32 ) (448 384 32 ) (448 384 16 ) 
4 45 46 (1024 384 16 ) (448 384 16 ) (448 704 16 ) (1024 704 16 ) 
4 46 47 (448 384 0 ) (1024 384 0 ) (1024 384 16 ) (448 384 16 ) 
4 47 49 (448 192 0 ) (1024 192 0 ) (1024 192 320 ) (448 192 320 ) 
4 47 48 (448 320 0 ) (448 192 0 ) (448 192 320 ) (448 320 320 ) 
4 48 63 (0 320 0 ) (0 192 0 ) (0 192 320 ) (0 320 320 ) 
4 48 50 (48 192 16 ) (48 192 320 ) (0 192 320 ) (0 192 16 ) 
4 48 49 (48 192 0 ) (448 192 0 ) (448 192 320 ) (48 192 320 ) 
4 49 54 (48 32 0 ) (96 32 0 ) (96 32 16 ) (48 32 16 ) 
4 49 53 (160 32 0 ) (1024 32 0 ) (1024 32 16 ) (160 32 16 ) 
4 49 52 (1024 32 16 ) (1024 32 320 ) (48 32 320 ) (48 32 16 ) 
4 49 50 (48 192 320 ) (48 192 16 ) (48 96 16 ) (48 96 320 ) 
4 49 51 (48 96 0 ) (48 32 0 ) (48 32 320 ) (48 96 320 ) 
4 50 64 (0 96 16 ) (0 96 320 ) (0 192 320 ) (0 192 16 ) 
4 50 51 (48 96 16 ) (48 96 320 ) (0 96 320 ) (0 96 16 ) 
4 51 65 (0 96 0 ) (0 32 0 ) (0 32 320 ) (0 96 320 ) 
4 51 54 (32 32 0 ) (48 32 0 ) (48 32 16 ) (32 32 16 ) 
4 51 52 (48 32 16 ) (48 32 320 ) (0 32 320 ) (0 32 16 ) 
4 52 90 (1024 0 16 ) (1024 0 320 ) (0 0 320 ) (0 0 16 ) 
4 52 67 (0 0 16 ) (0 0 320 ) (0 32 320 ) (0 32 16 ) 
4 52 54 (32 32 16 ) (96 32 16 ) (96 0 16 ) (32 0 16 ) 
4 52 53 (160 32 16 ) (1024 32 16 ) (1024 0 16 ) (160 0 16 ) 
4 53 91 (1024 0 0 ) (1024 0 16 ) (160 0 16 ) (160 0 0 ) 
4 54 92 (96 0 16 ) (32 0 16 ) (32 0 0 ) (96 0 0 ) 
4 55 56 (-896 320 1280 ) (-896 320 384 ) (0 320 384 ) (0 320 1280 ) 
4 55 57 (-896 320 384 ) (-896 320 1280 ) (-896 1024 1280 ) (-896 1024 384 ) 
4 56 96 (0 0 320 ) (0 0 1280 ) (-896 0 1280 ) (-896 0 320 ) 
4 56 70 (-832 0 320 ) (-896 0 320 ) (-896 320 320 ) (-832 320 320 ) 
4 56 67 (0 0 320 ) (-832 0 320 ) (-832 32 320 ) (0 32 320 ) 
4 56 64 (0 192 320 ) (0 96 320 ) (-48 96 320 ) (-48 192 320 ) 
4 56 63 (-48 320 320 ) (0 320 320 ) (0 192 320 ) (-48 192 320 ) 
4 56 65 (0 96 320 ) (0 32 320 ) (-48 32 320 ) (-48 96 320 ) 
4 56 66 (-832 32 320 ) (-832 320 320 ) (-48 320 320 ) (-48 32 320 ) 
4 56 57 (-896 320 320 ) (-896 0 320 ) (-896 0 1280 ) (-896 320 1280 ) 
4 57 96 (-896 0 1280 ) (-1024 0 1280 ) (-1024 0 320 ) (-896 0 320 ) 
4 57 71 (-896 0 320 ) (-1024 0 320 ) (-1024 1024 320 ) (-896 1024 320 ) 
4 58 59 (-256 1024 64 ) (-256 896 64 ) (-256 896 320 ) (-256 1024 320 ) 
4 59 60 (-272 1024 64 ) (-272 896 64 ) (-272 896 320 ) (-272 1024 320 ) 
4 60 62 (-832 720 320 ) (-832 720 64 ) (-272 720 64 ) (-272 720 320 ) 
4 61 62 (-272 704 64 ) (-272 384 64 ) (-272 384 320 ) (-272 704 320 ) 
4 63 64 (-48 192 320 ) (-48 192 16 ) (0 192 16 ) (0 192 320 ) 
4 63 66 (-48 320 320 ) (-48 320 0 ) (-48 192 0 ) (-48 192 320 ) 
4 64 66 (-48 96 16 ) (-48 96 320 ) (-48 192 320 ) (-48 192 16 ) 
4 64 65 (-48 96 320 ) (-48 96 16 ) (0 96 16 ) (0 96 320 ) 
4 65 68 (-48 32 0 ) (-32 32 0 ) (-32 32 16 ) (-48 32 16 ) 
4 65 67 (0 32 16 ) (0 32 320 ) (-48 32 320 ) (-48 32 16 ) 
4 65 66 (-48 96 0 ) (-48 32 0 ) (-48 32 320 ) (-48 96 320 ) 
4 66 70 (-832 320 0 ) (-832 32 0 ) (-832 32 320 ) (-832 320 320 ) 
4 66 69 (-832 32 16 ) (-832 32 0 ) (-160 32 0 ) (-160 32 16 ) 
4 66 68 (-96 32 0 ) (-48 32 0 ) (-48 32 16 ) (-96 32 16 ) 
4 66 67 (-832 32 320 ) (-832 32 16 ) (-48 32 16 ) (-48 32 320 ) 
4 67 96 (0 0 16 ) (0 0 320 ) (-832 0 320 ) (-832 0 16 ) 
4 67 70 (-832 0 16 ) (-832 0 320 ) (-832 32 320 ) (-832 32 16 ) 
4 67 69 (-160 0 16 ) (-832 0 16 ) (-832 32 16 ) (-160 32 16 ) 
4 67 68 (-32 0 16 ) (-96 0 16 ) (-96 32 16 ) (-32 32 16 ) 
4 68 97 (-32 0 16 ) (-96 0 16 ) (-96 0 0 ) (-32 0 0 ) 
4 69 98 (-160 0 16 ) (-832 0 16 ) (-832 0 0 ) (-160 0 0 ) 
4 69 70 (-832 32 0 ) (-832 0 0 ) (-832 0 16 ) (-832 32 16 ) 
4 70 98 (-896 0 16 ) (-896 0 0 ) (-832 0 0 ) (-832 0 16 ) 
4 70 96 (-832 0 320 ) (-896 0 320 ) (-896 0 16 ) (-832 0 16 ) 
4 70 71 (-896 320 0 ) (-896 0 0 ) (-896 0 320 ) (-896 320 320 ) 
4 71 98 (-1024 0 16 ) (-1024 0 0 ) (-896 0 0 ) (-896 0 16 ) 
4 71 96 (-896 0 320 ) (-1024 0 320 ) (-1024 0 16 ) (-896 0 16 ) 
3 72 86 (3072 -1024 224 ) (3072 -1024 614.400024 ) (2421.333252 -1024 224 ) 
5 72 85 (3072 -1024 614.400024 ) (3072 -1024 1280 ) (2048 -1024 1280 ) (2048 -1024 224 ) (2421.333252 -1024 224 ) 
4 72 84 (2048 0 1280 ) (2048 0 224 ) (2048 -1024 224 ) (2048 -1024 1280 ) 
4 72 77 (2672 -624 224 ) (2672 -1024 224 ) (2576 -1024 224 ) (2576 -624 224 ) 
4 72 75 (2672 -240 224 ) (2672 -336 224 ) (2576 -336 224 ) (2576 -240 224 ) 
4 72 76 (2672 -432 224 ) (2672 -528 224 ) (2576 -528 224 ) (2576 -432 224 ) 
4 72 74 (2576 0 224 ) (2672 0 224 ) (2672 -144 224 ) (2576 -144 224 ) 
4 72 73 (2672 0 224 ) (3072 0 224 ) (3072 -1024 224 ) (2672 -1024 224 ) 
4 72 78 (2048 -1024 224 ) (2048 0 224 ) (2576 0 224 ) (2576 -1024 224 ) 
4 73 86 (3072 -1024 208 ) (3072 -1024 224 ) (2672 -1024 224 ) (2672 -1024 208 ) 
4 73 80 (2672 -96 208 ) (2672 0 208 ) (2720 0 208 ) (2720 -96 208 ) 
4 73 81 (2720 -1024 208 ) (2672 -1024 208 ) (2672 -672 208 ) (2720 -672 208 ) 
4 73 79 (3072 -1024 208 ) (2720 -1024 208 ) (2720 0 208 ) (3072 0 208 ) 
4 73 77 (2672 -624 208 ) (2672 -1024 208 ) (2672 -1024 224 ) (2672 -624 224 ) 
4 73 75 (2672 -240 208 ) (2672 -336 208 ) (2672 -336 224 ) (2672 -240 224 ) 
4 73 76 (2672 -432 208 ) (2672 -528 208 ) (2672 -528 224 ) (2672 -432 224 ) 
4 73 74 (2672 0 208 ) (2672 -144 208 ) (2672 -144 224 ) (2672 0 224 ) 
4 74 80 (2576 -96 208 ) (2576 0 208 ) (2672 0 208 ) (2672 -96 208 ) 
4 74 78 (2576 0 208 ) (2576 -144 208 ) (2576 -144 224 ) (2576 0 224 ) 
4 75 78 (2576 -240 208 ) (2576 -336 208 ) (2576 -336 224 ) (2576 -240 224 ) 
4 76 78 (2576 -432 208 ) (2576 -528 208 ) (2576 -528 224 ) (2576 -432 224 ) 
4 77 86 (2672 -1024 224 ) (2576 -1024 224 ) (2576 -1024 208 ) (2672 -1024 208 ) 
4 77 81 (2672 -1024 208 ) (2576 -1024 208 ) (2576 -672 208 ) (2672 -672 208 ) 
4 77 78 (2576 -624 208 ) (2576 -1024 208 ) (2576 -1024 224 ) (2576 -624 224 ) 
4 78 86 (2576 -1024 224 ) (2421.333252 -1024 224 ) (2394.666748 -1024 208 ) (2576 -1024 208 ) 
4 78 85 (2421.333252 -1024 224 ) (2048 -1024 224 ) (2048 -1024 208 ) (2394.666748 -1024 208 ) 
4 78 84 (2048 0 224 ) (2048 0 208 ) (2048 -1024 208 ) (2048 -1024 224 ) 
4 78 83 (2528 -1024 208 ) (2394.666504 -1024 208 ) (2394.666504 0 208 ) (2528 0 208 ) 
4 78 82 (2394.666504 -1024 208 ) (2048 -1024 208 ) (2048 0 208 ) (2394.666504 0 208 ) 
4 78 80 (2528 -96 208 ) (2528 0 208 ) (2576 0 208 ) (2576 -96 208 ) 
4 78 81 (2576 -1024 208 ) (2528 -1024 208 ) (2528 -672 208 ) (2576 -672 208 ) 
4 79 86 (3072 -1024 192 ) (3072 -1024 208 ) (2720 -1024 208 ) (2720 -1024 192 ) 
4 79 80 (2720 0 192 ) (2720 -96 192 ) (2720 -96 208 ) (2720 0 208 ) 
4 79 81 (2720 -672 192 ) (2720 -1024 192 ) (2720 -1024 208 ) (2720 -672 208 ) 
4 80 83 (2528 -96 208 ) (2528 0 208 ) (2528 0 192 ) (2528 -96 192 ) 
4 81 86 (2720 -1024 208 ) (2528 -1024 208 ) (2528 -1024 192 ) (2720 -1024 192 ) 
4 81 83 (2528 -1024 208 ) (2528 -672 208 ) (2528 -672 192 ) (2528 -1024 192 ) 
3 82 85 (2394.666504 -1024 208 ) (2048 -1024 208 ) (2048 -1024 0 ) 
4 82 84 (2048 0 208 ) (2048 0 0 ) (2048 -1024 0 ) (2048 -1024 208 ) 
4 82 83 (2394.665527 0 208 ) (2394.665527 -1024 208 ) (2367.998779 -1024 192 ) (2367.998779 0 192 ) 
4 83 86 (2528 -1024 192 ) (2528 -1024 208 ) (2394.666504 -1024 208 ) (2368 -1024 192 ) 
4 84 93 (1024 -32 0 ) (1024 -1024 0 ) (1024 -1024 16 ) (1024 -32 16 ) 
4 84 91 (1024 0 16 ) (1024 0 0 ) (1024 -32 0 ) (1024 -32 16 ) 
4 84 90 (1024 0 1280 ) (1024 0 16 ) (1024 -1024 16 ) (1024 -1024 1280 ) 
4 84 89 (2048 -1024 0 ) (2048 -1024 192 ) (1024 -1024 192 ) (1024 -1024 0 ) 
4 84 88 (2048 -1024 192 ) (2048 -1024 1280 ) (1024 -1024 1280 ) (1024 -1024 192 ) 
3 85 89 (2048 -1024 192 ) (2048 -1024 0 ) (2048 -1344 192 ) 
5 85 88 (2048 -1024 1280 ) (2048 -1024 192 ) (2048 -1344 192 ) (2048 -2048 614.399963 ) (2048 -2048 1280 ) 
4 85 87 (2048 -2048 614.399658 ) (2048 -1344 192 ) (2368 -1344 192 ) (3072 -2048 614.399658 ) 
4 85 86 (3071.996094 -2048 614.398438 ) (2367.998535 -1344.002563 192 ) (2367.998535 -1024 192 ) (3071.996094 -1024 614.398438 ) 
3 86 87 (3072 -1344 192 ) (3072 -2048 614.399658 ) (2368 -1344 192 ) 
3 87 88 (2048 -2048 192 ) (2048 -2048 614.399963 ) (2048 -1344 192 ) 
4 88 102 (1024 -2048 192 ) (1024 -2048 1280 ) (1024 -1024 1280 ) (1024 -1024 192 ) 
4 88 89 (2048 -1024 192 ) (2048 -1344 192 ) (1024 -1344 192 ) (1024 -1024 192 ) 
3 89 103 (1024 -1344 192 ) (1024 -1024 192 ) (1024 -1024 0 ) 
4 90 103 (1024 -1024 16 ) (1024 -1024 192 ) (0 -1024 192 ) (0 -1024 16 ) 
4 90 102 (1024 -1024 192 ) (1024 -1024 1280 ) (0 -1024 1280 ) (0 -1024 192 ) 
4 90 96 (0 0 1280 ) (0 0 16 ) (0 -1024 16 ) (0 -1024 1280 ) 
4 90 94 (0 -96 16 ) (0 -32 16 ) (160 -32 16 ) (160 -96 16 ) 
4 90 95 (0 -1024 16 ) (0 -160 16 ) (160 -160 16 ) (160 -1024 16 ) 
4 90 93 (160 -32 16 ) (1024 -32 16 ) (1024 -1024 16 ) (160 -1024 16 ) 
4 90 92 (32 0 16 ) (96 0 16 ) (96 -32 16 ) (32 -32 16 ) 
4 90 91 (160 0 16 ) (1024 0 16 ) (1024 -32 16 ) (160 -32 16 ) 
4 91 93 (160 -32 0 ) (1024 -32 0 ) (1024 -32 16 ) (160 -32 16 ) 
4 92 94 (32 -32 0 ) (96 -32 0 ) (96 -32 16 ) (32 -32 16 ) 
4 93 103 (1024 -1024 0 ) (1024 -1024 16 ) (160 -1024 16 ) (160 -1024 0 ) 
4 93 94 (160 -32 16 ) (160 -32 0 ) (160 -96 0 ) (160 -96 16 ) 
4 93 95 (160 -160 0 ) (160 -1024 0 ) (160 -1024 16 ) (160 -160 16 ) 
4 94 99 (0 -32 0 ) (0 -96 0 ) (0 -96 16 ) (0 -32 16 ) 
4 95 103 (160 -1024 16 ) (0 -1024 16 ) (0 -1024 0 ) (160 -1024 0 ) 
4 95 100 (0 -160 0 ) (0 -1024 0 ) (0 -1024 16 ) (0 -160 16 ) 
4 96 105 (0 -1024 16 ) (0 -1024 192 ) (-1024 -1024 192 ) (-1024 -1024 16 ) 
4 96 104 (0 -1024 192 ) (0 -1024 1280 ) (-1024 -1024 1280 ) (-1024 -1024 192 ) 
4 96 99 (-160 -96 16 ) (-160 -32 16 ) (0 -32 16 ) (0 -96 16 ) 
4 96 100 (0 -1024 16 ) (-160 -1024 16 ) (-160 -160 16 ) (0 -160 16 ) 
4 96 101 (-160 -1024 16 ) (-1024 -1024 16 ) (-1024 -32 16 ) (-160 -32 16 ) 
4 96 97 (-96 0 16 ) (-32 0 16 ) (-32 -32 16 ) (-96 -32 16 ) 
4 96 98 (-1024 -32 16 ) (-1024 0 16 ) (-160 0 16 ) (-160 -32 16 ) 
4 97 99 (-96 -32 0 ) (-32 -32 0 ) (-32 -32 16 ) (-96 -32 16 ) 
4 98 101 (-1024 -32 0 ) (-160 -32 0 ) (-160 -32 16 ) (-1024 -32 16 ) 
4 99 101 (-160 -32 16 ) (-160 -32 0 ) (-160 -96 0 ) (-160 -96 16 ) 
4 100 105 (0 -1024 0 ) (0 -1024 16 ) (-160 -1024 16 ) (-160 -1024 0 ) 
4 100 101 (-160 -160 0 ) (-160 -1024 0 ) (-160 -1024 16 ) (-160 -160 16 ) 
4 101 105 (-160 -1024 16 ) (-1024 -1024 16 ) (-1024 -1024 0 ) (-160 -1024 0 ) 
4 102 104 (0 -1024 1280 ) (0 -1024 192 ) (0 -2048 192 ) (0 -2048 1280 ) 
4 102 103 (0 -1344 192 ) (0 -1024 192 ) (1024 -1024 192 ) (1024 -1344 192 ) 
3 103 105 (0 -1024 192 ) (0 -1024 0 ) (0 -1344 192 ) 
4 104 105 (0 -1024 192 ) (0 -1344 192 ) (-1024 -1344 192 ) (-1024 -1024 192 ) 
