PRT1
24
50
4 0 12 (256 0 16 ) (256 0 384 ) (0 0 384 ) (0 0 16 ) 
4 0 6 (0 0 16 ) (0 0 384 ) (0 256 384 ) (0 256 16 ) 
4 0 5 (32 32 16 ) (96 32 16 ) (96 0 16 ) (32 0 16 ) 
4 0 4 (160 32 16 ) (256 32 16 ) (256 0 16 ) (160 0 16 ) 
4 0 2 (0 192 16 ) (0 256 16 ) (48 256 16 ) (48 192 16 ) 
4 0 3 (0 32 16 ) (0 96 16 ) (48 96 16 ) (48 32 16 ) 
4 0 1 (48 256 16 ) (256 256 16 ) (256 32 16 ) (48 32 16 ) 
4 1 5 (48 32 0 ) (96 32 0 ) (96 32 16 ) (48 32 16 ) 
4 1 4 (160 32 0 ) (256 32 0 ) (256 32 16 ) (160 32 16 ) 
4 1 2 (48 192 16 ) (48 256 16 ) (48 256 0 ) (48 192 0 ) 
4 1 3 (48 32 0 ) (48 32 16 ) (48 96 16 ) (48 96 0 ) 
4 2 7 (0 192 16 ) (0 256 16 ) (0 256 0 ) (0 192 0 ) 
4 3 8 (0 32 16 ) (0 96 16 ) (0 96 0 ) (0 32 0 ) 
4 3 5 (32 32 0 ) (48 32 0 ) (48 32 16 ) (32 32 16 ) 
4 4 13 (256 0 0 ) (256 0 16 ) (160 0 16 ) (160 0 0 ) 
4 5 14 (96 0 16 ) (32 0 16 ) (32 0 0 ) (96 0 0 ) 
4 6 18 (0 0 16 ) (0 0 384 ) (-256 0 384 ) (-256 0 16 ) 
4 6 10 (-32 0 16 ) (-96 0 16 ) (-96 32 16 ) (-32 32 16 ) 
4 6 11 (-160 0 16 ) (-256 0 16 ) (-256 32 16 ) (-160 32 16 ) 
4 6 7 (-48 256 16 ) (0 256 16 ) (0 192 16 ) (-48 192 16 ) 
4 6 8 (0 96 16 ) (0 32 16 ) (-48 32 16 ) (-48 96 16 ) 
4 6 9 (-256 32 16 ) (-256 256 16 ) (-48 256 16 ) (-48 32 16 ) 
4 7 9 (-48 192 16 ) (-48 256 16 ) (-48 256 0 ) (-48 192 0 ) 
4 8 10 (-48 32 0 ) (-32 32 0 ) (-32 32 16 ) (-48 32 16 ) 
4 8 9 (-48 32 0 ) (-48 32 16 ) (-48 96 16 ) (-48 96 0 ) 
4 9 10 (-96 32 0 ) (-48 32 0 ) (-48 32 16 ) (-96 32 16 ) 
4 9 11 (-256 32 0 ) (-160 32 0 ) (-160 32 16 ) (-256 32 16 ) 
4 10 19 (-32 0 16 ) (-96 0 16 ) (-96 0 0 ) (-32 0 0 ) 
4 11 20 (-160 0 16 ) (-256 0 16 ) (-256 0 0 ) (-160 0 0 ) 
4 12 18 (0 0 384 ) (0 0 16 ) (0 -256 16 ) (0 -256 384 ) 
4 12 16 (0 -96 16 ) (0 -32 16 ) (160 -32 16 ) (160 -96 16 ) 
4 12 17 (160 -256 16 ) (0 -256 16 ) (0 -160 16 ) (160 -160 16 ) 
4 12 15 (256 -256 16 ) (160 -256 16 ) (160 -32 16 ) (256 -32 16 ) 
4 12 14 (32 0 16 ) (96 0 16 ) (96 -32 16 ) (32 -32 16 ) 
4 12 13 (160 0 16 ) (256 0 16 ) (256 -32 16 ) (160 -32 16 ) 
4 13 15 (160 -32 0 ) (256 -32 0 ) (256 -32 16 ) (160 -32 16 ) 
4 14 16 (32 -32 0 ) (96 -32 0 ) (96 -32 16 ) (32 -32 16 ) 
4 15 16 (160 -32 16 ) (160 -32 0 ) (160 -96 0 ) (160 -96 16 ) 
4 15 17 (160 -160 0 ) (160 -256 0 ) (160 -256 16 ) (160 -160 16 ) 
4 16 21 (0 -32 0 ) (0 -96 0 ) (0 -96 16 ) (0 -32 16 ) 
4 17 22 (0 -160 0 ) (0 -256 0 ) (0 -256 16 ) (0 -160 16 ) 
4 18 21 (-160 -96 16 ) (-160 -32 16 ) (0 -32 16 ) (0 -96 16 ) 
4 18 22 (0 -256 16 ) (-160 -256 16 ) (-160 -160 16 ) (0 -160 16 ) 
4 18 23 (-160 -256 16 ) (-256 -256 16 ) (-256 -32 16 ) (-160 -32 16 ) 
4 18 19 (-96 0 16 ) (-32 0 16 ) (-32 -32 16 ) (-96 -32 16 ) 
4 18 20 (-256 -32 16 ) (-256 0 16 ) (-160 0 16 ) (-160 -32 16 ) 
4 19 21 (-96 -32 0 ) (-32 -32 0 ) (-32 -32 16 ) (-96 -32 16 ) 
4 20 23 (-256 -32 0 ) (-160 -32 0 ) (-160 -32 16 ) (-256 -32 16 ) 
4 21 23 (-160 -32 16 ) (-160 -32 0 ) (-160 -96 0 ) (-160 -96 16 ) 
4 22 23 (-160 -160 0 ) (-160 -256 0 ) (-160 -256 16 ) (-160 -160 16 ) 
